<?xml version="1.0" encoding="UTF-8"?>
<!-- Generated by org.testng.reporters.JUnitXMLReporter -->
<testsuite hostname="TYSS-4F-065" ignored="0" name="TestOne" tests="3" failures="1" timestamp="17 Jul 2017 11:19:34 GMT" time="0.032" errors="0">
  <testcase name="testMethodFail" time="0.016" classname="com.test.TestClassOne">
    <failure type="org.apache.poi.ss.formula.eval.NotImplementedException" message="failed intentially">
      <![CDATA[org.apache.poi.ss.formula.eval.NotImplementedException: failed intentially
	at com.test.TestClassOne.testMethodFail(TestClassOne.java:17)
... Removed 25 stack frames]]>
    </failure>
  </testcase> <!-- testMethodFail -->
  <testcase name="testMethodPass" time="0.0" classname="com.test.TestClassOne"/>
  <testcase name="testMethodSkip" time="0.0" classname="com.test.TestClassOne">
    <skipped/>
  </testcase> <!-- testMethodSkip -->
</testsuite> <!-- TestOne -->
